# JRE version: OpenJDK Runtime Environment JBR-17.0.5+1-653.25-nomod (17.0.5+1) (build 17.0.5+1-b653.25)
# Java VM: OpenJDK 64-Bit Server VM JBR-17.0.5+1-653.25-nomod (17.0.5+1-b653.25, mixed mode, tiered, compressed oops, compressed class ptrs, g1 gc, windows-amd64)
GC Precious Log:
 CPUs: 16 total, 16 available
 Memory: 32720M
 Large Page Support: Disabled
 NUMA Support: Disabled
 Compressed Oops: Enabled (32-bit)
 Heap Region Size: 1M
 Heap Min Capacity: 8M
 Heap Initial Capacity: 512M
 Heap Max Capacity: 2G
 Pre-touch: Disabled
 Parallel Workers: 13
 Concurrent Workers: 3
 Concurrent Refinement Workers: 13
 Periodic GC: Disabled
Heap:
 garbage-first heap   total 526336K, used 212107K [0x0000000080000000, 0x0000000100000000)
  region size 1024K, 23 young (23552K), 2 survivors (2048K)
 Metaspace       used 161360K, committed 163072K, reserved 1196032K
  class space    used 19681K, committed 20416K, reserved 1048576K
GC Heap History (20 events):
Event: 7309.372 GC heap before
{Heap before GC invocations=360 (full 24):
 garbage-first heap   total 526336K, used 456473K [0x0000000080000000, 0x0000000100000000)
  region size 1024K, 296 young (303104K), 4 survivors (4096K)
 Metaspace       used 160878K, committed 162624K, reserved 1196032K
  class space    used 19665K, committed 20416K, reserved 1048576K
}
Event: 7309.374 GC heap after
{Heap after GC invocations=361 (full 24):
 garbage-first heap   total 526336K, used 159410K [0x0000000080000000, 0x0000000100000000)
  region size 1024K, 5 young (5120K), 5 survivors (5120K)
 Metaspace       used 160878K, committed 162624K, reserved 1196032K
  class space    used 19665K, committed 20416K, reserved 1048576K
}
Event: 7324.962 GC heap before
{Heap before GC invocations=361 (full 24):
 garbage-first heap   total 526336K, used 197298K [0x0000000080000000, 0x0000000100000000)
  region size 1024K, 43 young (44032K), 5 survivors (5120K)
 Metaspace       used 160882K, committed 162624K, reserved 1196032K
  class space    used 19665K, committed 20416K, reserved 1048576K
}
Event: 7325.045 GC heap after
{Heap after GC invocations=362 (full 25):
 garbage-first heap   total 526336K, used 154369K [0x0000000080000000, 0x0000000100000000)
  region size 1024K, 0 young (0K), 0 survivors (0K)
 Metaspace       used 160882K, committed 162624K, reserved 1196032K
  class space    used 19665K, committed 20416K, reserved 1048576K
}
Event: 11329.617 GC heap before
{Heap before GC invocations=362 (full 25):
 garbage-first heap   total 526336K, used 454401K [0x0000000080000000, 0x0000000100000000)
  region size 1024K, 294 young (301056K), 0 survivors (0K)
 Metaspace       used 161105K, committed 162816K, reserved 1196032K
  class space    used 19666K, committed 20416K, reserved 1048576K
}
Event: 11329.619 GC heap after
{Heap after GC invocations=363 (full 25):
 garbage-first heap   total 526336K, used 155393K [0x0000000080000000, 0x0000000100000000)
  region size 1024K, 1 young (1024K), 1 survivors (1024K)
 Metaspace       used 161105K, committed 162816K, reserved 1196032K
  class space    used 19666K, committed 20416K, reserved 1048576K
}
Event: 11781.563 GC heap before
{Heap before GC invocations=364 (full 25):
 garbage-first heap   total 526336K, used 456449K [0x0000000080000000, 0x0000000100000000)
  region size 1024K, 296 young (303104K), 1 survivors (1024K)
 Metaspace       used 161145K, committed 162880K, reserved 1196032K
  class space    used 19667K, committed 20416K, reserved 1048576K
}
Event: 11781.565 GC heap after
{Heap after GC invocations=365 (full 25):
 garbage-first heap   total 526336K, used 157409K [0x0000000080000000, 0x0000000100000000)
  region size 1024K, 3 young (3072K), 3 survivors (3072K)
 Metaspace       used 161145K, committed 162880K, reserved 1196032K
  class space    used 19667K, committed 20416K, reserved 1048576K
}
Event: 11791.535 GC heap before
{Heap before GC invocations=365 (full 25):
 garbage-first heap   total 526336K, used 456417K [0x0000000080000000, 0x0000000100000000)
  region size 1024K, 295 young (302080K), 3 survivors (3072K)
 Metaspace       used 161145K, committed 162880K, reserved 1196032K
  class space    used 19667K, committed 20416K, reserved 1048576K
}
Event: 11791.536 GC heap after
{Heap after GC invocations=366 (full 25):
 garbage-first heap   total 526336K, used 158079K [0x0000000080000000, 0x0000000100000000)
  region size 1024K, 4 young (4096K), 4 survivors (4096K)
 Metaspace       used 161145K, committed 162880K, reserved 1196032K
  class space    used 19667K, committed 20416K, reserved 1048576K
}
Event: 12057.915 GC heap before
{Heap before GC invocations=367 (full 25):
 garbage-first heap   total 526336K, used 457087K [0x0000000080000000, 0x0000000100000000)
  region size 1024K, 296 young (303104K), 4 survivors (4096K)
 Metaspace       used 161152K, committed 162880K, reserved 1196032K
  class space    used 19667K, committed 20416K, reserved 1048576K
}
Event: 12057.917 GC heap after
{Heap after GC invocations=368 (full 25):
 garbage-first heap   total 526336K, used 158072K [0x0000000080000000, 0x0000000100000000)
  region size 1024K, 4 young (4096K), 4 survivors (4096K)
 Metaspace       used 161152K, committed 162880K, reserved 1196032K
  class space    used 19667K, committed 20416K, reserved 1048576K
}
Event: 12294.055 GC heap before
{Heap before GC invocations=368 (full 25):
 garbage-first heap   total 526336K, used 178552K [0x0000000080000000, 0x0000000100000000)
  region size 1024K, 25 young (25600K), 4 survivors (4096K)
 Metaspace       used 161153K, committed 162880K, reserved 1196032K
  class space    used 19667K, committed 20416K, reserved 1048576K
}
Event: 12294.057 GC heap after
{Heap after GC invocations=369 (full 25):
 garbage-first heap   total 526336K, used 158116K [0x0000000080000000, 0x0000000100000000)
  region size 1024K, 1 young (1024K), 1 survivors (1024K)
 Metaspace       used 161153K, committed 162880K, reserved 1196032K
  class space    used 19667K, committed 20416K, reserved 1048576K
}
Event: 15008.617 GC heap before
{Heap before GC invocations=369 (full 25):
 garbage-first heap   total 526336K, used 456100K [0x0000000080000000, 0x0000000100000000)
  region size 1024K, 293 young (300032K), 1 survivors (1024K)
 Metaspace       used 161252K, committed 162944K, reserved 1196032K
  class space    used 19668K, committed 20416K, reserved 1048576K
}
Event: 15008.619 GC heap after
{Heap after GC invocations=370 (full 25):
 garbage-first heap   total 526336K, used 158265K [0x0000000080000000, 0x0000000100000000)
  region size 1024K, 1 young (1024K), 1 survivors (1024K)
 Metaspace       used 161252K, committed 162944K, reserved 1196032K
  class space    used 19668K, committed 20416K, reserved 1048576K
}
Event: 15296.912 GC heap before
{Heap before GC invocations=370 (full 25):
 garbage-first heap   total 526336K, used 170553K [0x0000000080000000, 0x0000000100000000)
  region size 1024K, 15 young (15360K), 1 survivors (1024K)
 Metaspace       used 161293K, committed 163072K, reserved 1196032K
  class space    used 19676K, committed 20416K, reserved 1048576K
}
Event: 15296.917 GC heap after
{Heap after GC invocations=371 (full 25):
 garbage-first heap   total 526336K, used 158065K [0x0000000080000000, 0x0000000100000000)
  region size 1024K, 1 young (1024K), 1 survivors (1024K)
 Metaspace       used 161293K, committed 163072K, reserved 1196032K
  class space    used 19676K, committed 20416K, reserved 1048576K
}
Event: 15297.197 GC heap before
{Heap before GC invocations=372 (full 25):
 garbage-first heap   total 526336K, used 194909K [0x0000000080000000, 0x0000000100000000)
  region size 1024K, 20 young (20480K), 1 survivors (1024K)
 Metaspace       used 161327K, committed 163072K, reserved 1196032K
  class space    used 19678K, committed 20416K, reserved 1048576K
}
Event: 15297.199 GC heap after
{Heap after GC invocations=373 (full 25):
 garbage-first heap   total 526336K, used 177291K [0x0000000080000000, 0x0000000100000000)
  region size 1024K, 2 young (2048K), 2 survivors (2048K)
 Metaspace       used 161327K, committed 163072K, reserved 1196032K
  class space    used 19678K, committed 20416K, reserved 1048576K
}

